Case #1: |____    ____    ____    ____  |
Case #2: |________    __    ________    |
Case #3: |___   ____   ____   ____   ___|
Case #4: |___   ___ |
Case #5: |__ __ __ _|
Case #6: |__  __  __  __  __  __  __  __  __  __  |
Case #7: |_  _  _  _  _  _  _  _  _  _  _  _  _  _|
Case #8: |__ __ __ __ __ __ __ __ __ __ __ __ __ _|
Case #9: |____  ____  ____  ____  ____  ____  ____|
Case #10: |___   ______   ______   ______   ______   ______  |
Case #11: |_   __   __   __   __   __   __   __   __   __   _|
Case #12: |_ ____ ____ ____ ____ ____ ____ ____ ____ ____ ___|
Case #13: |___   ____   ____   ____   ____   ____   ____   __|
Case #14: |___ ______ ______ ______ ______ ______ ______ ____|
Case #15: |_  ____  ____  ____  ____  ____  ____  ____  ____ |
Case #16: |__   ___   ___   ___   ___   ___   ___   ___   ___|
Case #17: |___ _____ _____ _____ _____ _____ _____ _____ ____|
Case #18: |___  ____  ____  ____  ____  ____  ____  ____  ___|
Case #19: |_____    ___  _____    ___  _____    ___  _____    ___  ____|
Case #20: |__   ____     __   ____     __   ____     __   ____     __  |
Case #21: |_____  __  _____  __  _____  __  _____  __  _____  __  _____|
Case #22: |__     __  __     __  __     __  __     __  __     __  __   |
Case #23: |__  _____  __  _____  __  _____  __  _____  __  _____  __  _|
Case #24: |__  __     __  __     __  __     __  __     __  __     __  _|
Case #25: |_________ _         _________ _         _________ _         _________ |
Case #26: |_________ _________ _________ _________ _________ _________ _________ |
Case #27: |_________         _ _________         _ _________         _ _________ |
Case #28: |_________ __________ __________ __________ __________ __________ _____|
Case #29: |_________         __________         __________         __________    |
Case #30: |_ __________ __________ __________ __________ __________ __________ __|
